Base path: /Applications/Unity/Unity.app/Contents
Cmd: initializeCompiler
Cmd: translateComputeKernel
  api=14 insize=48933 outsize=86117 ok=1
Cmd: translateComputeKernel
  api=14 insize=11297 outsize=22353 ok=1
Cmd: translateComputeKernel
  api=14 insize=3349 outsize=6033 ok=1
Cmd: compileComputeKernel
  api=14 insize=18731 outsize=11321 ok=1
Cmd: translateComputeKernel
  api=14 insize=11321 outsize=24577 ok=1
Cmd: compileComputeKernel
  api=14 insize=2953 outsize=793 ok=1
Cmd: translateComputeKernel
  api=14 insize=1145 outsize=1433 ok=1
Cmd: initializeCompiler
Cmd: initializeCompiler
Cmd: initializeCompiler
Cmd: initializeCompiler
Cmd: initializeCompiler
Cmd: initializeCompiler
Cmd: initializeCompiler
Cmd: initializeCompiler

Quitting shader compiler process
