Base path: /Applications/Unity/Unity.app/Contents
Cmd: initializeCompiler
Cmd: compileComputeKernel
  api=14 insize=2134 outsize=789 ok=1
Cmd: translateComputeKernel
  api=14 insize=2149 outsize=3977 ok=1
Cmd: compileComputeKernel
  api=14 insize=11176 outsize=10709 ok=1
Cmd: compileComputeKernel
  api=14 insize=3532 outsize=3349 ok=1
Cmd: translateComputeKernel
  api=14 insize=3249 outsize=5253 ok=1
Cmd: compileComputeKernel
  api=14 insize=18731 outsize=11321 ok=1
Cmd: translateComputeKernel
  api=14 insize=9953 outsize=16845 ok=1
Cmd: translateComputeKernel
  api=14 insize=2021 outsize=3641 ok=1
Cmd: initializeCompiler
Cmd: initializeCompiler
Cmd: initializeCompiler
Cmd: initializeCompiler
Cmd: initializeCompiler
Cmd: initializeCompiler
Cmd: initializeCompiler
Cmd: initializeCompiler

Quitting shader compiler process
